<?xml version="1.0" encoding="UTF-8"?>
<!-- Generated by org.testng.reporters.JUnitReportReporter -->
<testsuite hostname="LAPTOP-JIFB238N" failures="0" tests="1" name="testcases.BaseClass" time="5.630" errors="0" timestamp="2025-03-03T11:11:05 IST" skipped="0">
  <testcase classname="testcases.BaseClass" name="loadURL" time="5.630"/>
</testsuite> <!-- testcases.BaseClass -->
